This is pdfTeX, Version 3.141592653-2.6-1.40.22 (MiKTeX 21.3) (preloaded format=pdflatex 2021.5.23)  1 JUN 2021 05:18
entering extended mode
**./lab1-report.tex
(lab1-report.tex
LaTeX2e <2020-10-01> patch level 4
L3 programming layer <2021-05-11> (E:\MiKTeX 2.9\tex/latex/base\article.cls
Document Class: article 2020/04/10 v1.4m Standard LaTeX document class
(E:\MiKTeX 2.9\tex/latex/base\size10.clo
File: size10.clo 2020/04/10 v1.4m Standard LaTeX file (size option)
)
\c@part=\count179
\c@section=\count180
\c@subsection=\count181
\c@subsubsection=\count182
\c@paragraph=\count183
\c@subparagraph=\count184
\c@figure=\count185
\c@table=\count186
\abovecaptionskip=\skip47
\belowcaptionskip=\skip48
\bibindent=\dimen138
)
(E:\MiKTeX 2.9\tex/latex/listings\listings.sty
(E:\MiKTeX 2.9\tex/latex/graphics\keyval.sty
Package: keyval 2014/10/28 v1.15 key=value parser (DPC)
\KV@toks@=\toks15
)
\lst@mode=\count187
\lst@gtempboxa=\box47
\lst@token=\toks16
\lst@length=\count188
\lst@currlwidth=\dimen139
\lst@column=\count189
\lst@pos=\count190
\lst@lostspace=\dimen140
\lst@width=\dimen141
\lst@newlines=\count191
\lst@lineno=\count192
\lst@maxwidth=\dimen142

(E:\MiKTeX 2.9\tex/latex/listings\lstmisc.sty
File: lstmisc.sty 2020/03/24 1.8d (Carsten Heinz)
\c@lstnumber=\count193
\lst@skipnumbers=\count194
\lst@framebox=\box48
)
(E:\MiKTeX 2.9\tex/latex/listings\listings.cfg
File: listings.cfg 2020/03/24 1.8d listings configuration
))
Package: listings 2020/03/24 1.8d (Carsten Heinz)

(E:\MiKTeX 2.9\tex/latex/graphics\color.sty
Package: color 2020/02/24 v1.2b Standard LaTeX Color (DPC)

(E:\MiKTeX 2.9\tex/latex/graphics-cfg\color.cfg
File: color.cfg 2016/01/02 v1.6 sample color configuration
)
Package color Info: Driver file: pdftex.def on input line 147.

(E:\MiKTeX 2.9\tex/latex/graphics-def\pdftex.def
File: pdftex.def 2020/10/05 v1.2a Graphics/color driver for pdftex
))
(E:\MiKTeX 2.9\tex/latex/graphics\graphicx.sty
Package: graphicx 2020/09/09 v1.2b Enhanced LaTeX Graphics (DPC,SPQR)

(E:\MiKTeX 2.9\tex/latex/graphics\graphics.sty
Package: graphics 2020/08/30 v1.4c Standard LaTeX Graphics (DPC,SPQR)

(E:\MiKTeX 2.9\tex/latex/graphics\trig.sty
Package: trig 2016/01/03 v1.10 sin cos tan (DPC)
)
(E:\MiKTeX 2.9\tex/latex/graphics-cfg\graphics.cfg
File: graphics.cfg 2016/06/04 v1.11 sample graphics configuration
)
Package graphics Info: Driver file: pdftex.def on input line 105.
)
\Gin@req@height=\dimen143
\Gin@req@width=\dimen144
)
(E:\MiKTeX 2.9\tex/latex/caption\subcaption.sty
Package: subcaption 2020/10/07 v1.3j Sub-captions (AR)

(E:\MiKTeX 2.9\tex/latex/caption\caption.sty
Package: caption 2020/10/26 v3.5g Customizing captions (AR)

(E:\MiKTeX 2.9\tex/latex/caption\caption3.sty
Package: caption3 2020/10/21 v2.2e caption3 kernel (AR)
\captionmargin=\dimen145
\captionmargin@=\dimen146
\captionwidth=\dimen147
\caption@tempdima=\dimen148
\caption@indent=\dimen149
\caption@parindent=\dimen150
\caption@hangindent=\dimen151
Package caption Info: Standard document class detected.
)
\c@caption@flags=\count195
\c@continuedfloat=\count196
Package caption Info: listings package is loaded.
)
\c@subfigure=\count197
\c@subtable=\count198
)
(E:\MiKTeX 2.9\tex/latex/was\gensymb.sty
Package: gensymb 2003/07/02 v1.0 (WaS)
)
(E:\MiKTeX 2.9\tex/latex/geometry\geometry.sty
Package: geometry 2020/01/02 v5.9 Page Geometry

(E:\MiKTeX 2.9\tex/generic/iftex\ifvtex.sty
Package: ifvtex 2019/10/25 v1.7 ifvtex legacy package. Use iftex instead.

(E:\MiKTeX 2.9\tex/generic/iftex\iftex.sty
Package: iftex 2020/03/06 v1.0d TeX engine tests
))
\Gm@cnth=\count199
\Gm@cntv=\count266
\c@Gm@tempcnt=\count267
\Gm@bindingoffset=\dimen152
\Gm@wd@mp=\dimen153
\Gm@odd@mp=\dimen154
\Gm@even@mp=\dimen155
\Gm@layoutwidth=\dimen156
\Gm@layoutheight=\dimen157
\Gm@layouthoffset=\dimen158
\Gm@layoutvoffset=\dimen159
\Gm@dimlist=\toks17

(E:\MiKTeX 2.9\tex/latex/geometry\geometry.cfg))
(E:\MiKTeX 2.9\tex/latex/listings\lstlang1.sty
File: lstlang1.sty 2020/03/24 1.8d listings language file
)
(E:\MiKTeX 2.9\tex/latex/l3backend\l3backend-pdftex.def
File: l3backend-pdftex.def 2021-05-07 L3 backend support: PDF output (pdfTeX)
\l__color_backend_stack_int=\count268
\l__pdf_internal_box=\box49
)

LaTeX Warning: Unused global option(s):
    [14pt].

(lab1-report.aux)
\openout1 = `lab1-report.aux'.

LaTeX Font Info:    Checking defaults for OML/cmm/m/it on input line 34.
LaTeX Font Info:    ... okay on input line 34.
LaTeX Font Info:    Checking defaults for OMS/cmsy/m/n on input line 34.
LaTeX Font Info:    ... okay on input line 34.
LaTeX Font Info:    Checking defaults for OT1/cmr/m/n on input line 34.
LaTeX Font Info:    ... okay on input line 34.
LaTeX Font Info:    Checking defaults for T1/cmr/m/n on input line 34.
LaTeX Font Info:    ... okay on input line 34.
LaTeX Font Info:    Checking defaults for TS1/cmr/m/n on input line 34.
LaTeX Font Info:    ... okay on input line 34.
LaTeX Font Info:    Checking defaults for OMX/cmex/m/n on input line 34.
LaTeX Font Info:    ... okay on input line 34.
LaTeX Font Info:    Checking defaults for U/cmr/m/n on input line 34.
LaTeX Font Info:    ... okay on input line 34.
\c@lstlisting=\count269
 (E:\MiKTeX 2.9\tex/context/base/mkii\supp-pdf.mkii
[Loading MPS to PDF converter (version 2006.09.02).]
\scratchcounter=\count270
\scratchdimen=\dimen160
\scratchbox=\box50
\nofMPsegments=\count271
\nofMParguments=\count272
\everyMPshowfont=\toks18
\MPscratchCnt=\count273
\MPscratchDim=\dimen161
\MPnumerator=\count274
\makeMPintoPDFobject=\count275
\everyMPtoPDFconversion=\toks19
) (E:\MiKTeX 2.9\tex/latex/epstopdf-pkg\epstopdf-base.sty
Package: epstopdf-base 2020-01-24 v2.11 Base part for package epstopdf
Package epstopdf-base Info: Redefining graphics rule for `.eps' on input line 4
85.

(E:\MiKTeX 2.9\tex/latex/00miktex\epstopdf-sys.cfg
File: epstopdf-sys.cfg 2021/03/18 v2.0 Configuration of epstopdf for MiKTeX
))
Package caption Info: Begin \AtBeginDocument code.
Package caption Info: End \AtBeginDocument code.
LaTeX Info: Redefining \celsius on input line 34.
Package gensymb Info: Faking symbols for \degree and \celsius on input line 34.



Package gensymb Warning: Not defining \perthousand.

LaTeX Info: Redefining \ohm on input line 34.
Package gensymb Info: Using \Omega for \ohm on input line 34.

Package gensymb Warning: Not defining \micro.

*geometry* driver: auto-detecting
*geometry* detected driver: pdftex
*geometry* verbose mode - [ preamble ] result:
* driver: pdftex
* paper: a4paper
* layout: <same size as paper>
* layoutoffset:(h,v)=(0.0pt,0.0pt)
* modes: 
* h-part:(L,W,R)=(56.9055pt, 483.69687pt, 56.9055pt)
* v-part:(T,H,B)=(28.45274pt, 788.14136pt, 28.45274pt)
* \paperwidth=597.50787pt
* \paperheight=845.04684pt
* \textwidth=483.69687pt
* \textheight=788.14136pt
* \oddsidemargin=-15.36449pt
* \evensidemargin=-15.36449pt
* \topmargin=-80.81725pt
* \headheight=12.0pt
* \headsep=25.0pt
* \topskip=10.0pt
* \footskip=30.0pt
* \marginparwidth=65.0pt
* \marginparsep=11.0pt
* \columnsep=10.0pt
* \skip\footins=9.0pt plus 4.0pt minus 2.0pt
* \hoffset=0.0pt
* \voffset=0.0pt
* \mag=1000
* \@twocolumnfalse
* \@twosidefalse
* \@mparswitchfalse
* \@reversemarginfalse
* (1in=72.27pt=25.4mm, 1cm=28.453pt)

LaTeX Font Info:    External font `cmex10' loaded for size
(Font)              <12> on input line 35.
LaTeX Font Info:    External font `cmex10' loaded for size
(Font)              <8> on input line 35.
LaTeX Font Info:    External font `cmex10' loaded for size
(Font)              <6> on input line 35.
(lab1-report.toc
LaTeX Font Info:    External font `cmex10' loaded for size
(Font)              <7> on input line 2.
LaTeX Font Info:    External font `cmex10' loaded for size
(Font)              <5> on input line 2.
)
\tf@toc=\write3
\openout3 = `lab1-report.toc'.

 (showFig.m [1

{C:/Users/13207/AppData/Local/MiKTeX/2.9/pdftex/config/pdftex.map}] [2]) (trans
lation.m) (rotAndtrans.m) [3] (maketform.m)
[4]
<origin.png, id=20, 367.6134pt x 324.7332pt>
File: origin.png Graphic file (type png)
<use origin.png>
Package pdftex.def Info: origin.png  used on input line 52.
(pdftex.def)             Requested size: 111.2482pt x 98.26802pt.
<rot45.png, id=21, 473.6094pt x 431.211pt>
File: rot45.png Graphic file (type png)
<use rot45.png>
Package pdftex.def Info: rot45.png  used on input line 56.
(pdftex.def)             Requested size: 111.2482pt x 101.28853pt.
LaTeX Font Info:    External font `cmex10' loaded for size
(Font)              <9> on input line 57.
<rot90.png, id=22, 367.6134pt x 324.7332pt>
File: rot90.png Graphic file (type png)
<use rot90.png>
Package pdftex.def Info: rot90.png  used on input line 60.
(pdftex.def)             Requested size: 111.2482pt x 98.26802pt.
<rot-25.png, id=23, 451.9284pt x 409.0482pt>
File: rot-25.png Graphic file (type png)
<use rot-25.png>
Package pdftex.def Info: rot-25.png  used on input line 64.
(pdftex.def)             Requested size: 111.2482pt x 100.68892pt.
<scale.png, id=24, 303.0522pt x 132.0132pt>
File: scale.png Graphic file (type png)
<use scale.png>
Package pdftex.def Info: scale.png  used on input line 68.
(pdftex.def)             Requested size: 111.2482pt x 48.46138pt.

Underfull \hbox (badness 10000) in paragraph at lines 69--69
[]\OT1/cmr/m/n/9 (e) |Scale with cx=0.5,
 []

<Vshear.png, id=25, 418.6842pt x 324.7332pt>
File: Vshear.png Graphic file (type png)
<use Vshear.png>
Package pdftex.def Info: Vshear.png  used on input line 72.
(pdftex.def)             Requested size: 111.2482pt x 86.28181pt.

Underfull \hbox (badness 10000) in paragraph at lines 73--73
[]\OT1/cmr/m/n/9 (f) |Ver-ti-cal shear with
 []

<Hshear.png, id=26, 367.6134pt x 401.8212pt>
File: Hshear.png Graphic file (type png)
<use Hshear.png>
Package pdftex.def Info: Hshear.png  used on input line 76.
(pdftex.def)             Requested size: 111.2482pt x 121.59573pt.
<trans50-45.png, id=27, 389.7762pt x 349.7868pt>
File: trans50-45.png Graphic file (type png)
<use trans50-45.png>
Package pdftex.def Info: trans50-45.png  used on input line 80.
(pdftex.def)             Requested size: 111.2482pt x 99.83438pt.

Underfull \hbox (badness 10000) in paragraph at lines 81--81
[]\OT1/cmr/m/n/9 (h) |Trans-late with
 []

<rotAndtrans.png, id=28, 522.2712pt x 454.8192pt>
File: rotAndtrans.png Graphic file (type png)
<use rotAndtrans.png>
Package pdftex.def Info: rotAndtrans.png  used on input line 84.
(pdftex.def)             Requested size: 111.2482pt x 96.87508pt.

Underfull \hbox (badness 2922) in paragraph at lines 85--85
[]\OT1/cmr/m/n/9 (i) |Ro-ta-tion fol-lowed by
 []

<built-in-trans.png, id=29, 402.00188pt x 291.58937pt>
File: built-in-trans.png Graphic file (type png)
<use built-in-trans.png>
Package pdftex.def Info: built-in-trans.png  used on input line 88.
(pdftex.def)             Requested size: 445.00023pt x 322.77817pt.
[5 <./origin.png (PNG copy)> <./rot45.png (PNG copy)> <./rot90.png (PNG copy)> 
<./rot-25.png (PNG copy)> <./scale.png (PNG copy)> <./Vshear.png (PNG copy)> <.
/Hshear.png (PNG copy)> <./trans50-45.png (PNG copy)> <./rotAndtrans.png (PNG c
opy)> <./built-in-trans.png>]
<selfRot.png, id=37, 365.86688pt x 280.04625pt>
File: selfRot.png Graphic file (type png)
<use selfRot.png>
Package pdftex.def Info: selfRot.png  used on input line 96.
(pdftex.def)             Requested size: 445.00023pt x 340.63461pt.
 (histogram.m [6 <./selfRot.png>])
<eq.png, id=42, 421.575pt x 316.0608pt>
File: eq.png Graphic file (type png)
<use eq.png>
Package pdftex.def Info: eq.png  used on input line 107.
(pdftex.def)             Requested size: 483.69687pt x 362.64241pt.
 [7 <./eq.png (PNG copy)>] [8] (lab1-report.aux) ) 
Here is how much of TeX's memory you used:
 5538 strings out of 479129
 82953 string characters out of 2867538
 629414 words of memory out of 3000000
 23132 multiletter control sequences out of 15000+600000
 408764 words of font info for 45 fonts, out of 8000000 for 9000
 1141 hyphenation exceptions out of 8191
 67i,8n,77p,332b,2216s stack positions out of 5000i,500n,10000p,200000b,80000s
<E:/MiKTeX 2.9/fonts/type1/pu
blic/amsfonts/cm/cmbx10.pfb><E:/MiKTeX 2.9/fonts/type1/public/amsfonts/cm/cmbx1
2.pfb><E:/MiKTeX 2.9/fonts/type1/public/amsfonts/cm/cmmi10.pfb><E:/MiKTeX 2.9/f
onts/type1/public/amsfonts/cm/cmr10.pfb><E:/MiKTeX 2.9/fonts/type1/public/amsfo
nts/cm/cmr12.pfb><E:/MiKTeX 2.9/fonts/type1/public/amsfonts/cm/cmr17.pfb><E:/Mi
KTeX 2.9/fonts/type1/public/amsfonts/cm/cmr9.pfb><E:/MiKTeX 2.9/fonts/type1/pub
lic/amsfonts/cm/cmsy6.pfb><E:/MiKTeX 2.9/fonts/type1/public/amsfonts/cm/cmtt9.p
fb>
Output written on lab1-report.pdf (8 pages, 3080670 bytes).
PDF statistics:
 80 PDF objects out of 1000 (max. 8388607)
 0 named destinations out of 1000 (max. 500000)
 61 words of extra memory for PDF output out of 10000 (max. 10000000)

